<?xml version="1.0" encoding="UTF-8"?>
<!-- Generated by org.testng.reporters.JUnitReportReporter -->
<testsuite hostname="DESKTOP-J22V0IL" failures="0" tests="2" name="com.telran.tests.bookstore.LoginTests" time="14.212" errors="0" timestamp="2022-11-01T10:26:35 MEZ" skipped="0">
  <testcase classname="com.telran.tests.bookstore.LoginTests" name="loginPositiveTest" time="6.920"/>
  <system-out/>
  <testcase classname="com.telran.tests.bookstore.LoginTests" name="loginPositiveParametersTest" time="7.292"/>
  <system-out/>
</testsuite> <!-- com.telran.tests.bookstore.LoginTests -->
